<?xml version="1.0" encoding="UTF-8"?>
<testsuite xmlns:xsi="http://www.w3.org/2001/XMLSchema-instance" xsi:noNamespaceSchemaLocation="https://maven.apache.org/surefire/maven-surefire-plugin/xsd/surefire-test-report-3.0.xsd" version="3.0" name="edu.brown.cs.ading6_cshi18_jgong15_sshaw4.kdtree.SearchLocationTest" time="0.229" tests="4" errors="0" skipped="0" failures="0">
  <properties>
[...]
</properties>
  <testcase name="testAxisDistance" classname="edu.brown.cs.ading6_cshi18_jgong15_sshaw4.kdtree.SearchLocationTest" time="0.012"/>
  <testcase name="testDimension" classname="edu.brown.cs.ading6_cshi18_jgong15_sshaw4.kdtree.SearchLocationTest" time="0"/>
  <testcase name="testDistance" classname="edu.brown.cs.ading6_cshi18_jgong15_sshaw4.kdtree.SearchLocationTest" time="0"/>
  <testcase name="testCoordinates" classname="edu.brown.cs.ading6_cshi18_jgong15_sshaw4.kdtree.SearchLocationTest" time="0.053"/>
</testsuite>